<?xml version="1.0" encoding="UTF-8"?>
<!-- Generated by org.testng.reporters.JUnitXMLReporter -->
<testsuite hostname="DiptiDash-PC" ignored="0" name="Default test" tests="3" failures="0" timestamp="05 Aug 2020 13:45:37 GMT" time="44.021" errors="0">
  <testcase name="accenture" time="0.016" classname="annotations.Annotationsfile"/>
  <testcase name="tcs" time="0.002" classname="annotations.Annotationsfile"/>
  <testcase name="wipro" time="0.004" classname="annotations.Annotationsfile"/>
</testsuite> <!-- Default test -->
