<?xml version="1.0" encoding="UTF-8"?>
<!-- Generated by org.testng.reporters.JUnitXMLReporter -->
<testsuite hostname="DiptiDash-PC" ignored="0" name="Default test" tests="3" failures="0" timestamp="03 Aug 2020 05:52:07 GMT" time="0.083" errors="0">
  <testcase name="benz" time="0.013" classname="annototations.Annotataions"/>
  <testcase name="bmw" time="0.003" classname="annototations.Annotataions"/>
  <testcase name="ford" time="0.003" classname="annototations.Annotataions"/>
</testsuite> <!-- Default test -->
